{"contracts/BusinessOwner.sol":{"l":{"27":8,"31":131,"32":131,"40":12,"41":12,"49":87,"56":15,"60":11,"64":4,"68":2,"69":2,"70":2,"72":3,"74":2,"75":2},"path":"/home/nicolabba/WebstormProjects/The-Walking-Bug/Soldino/contracts/BusinessOwner.sol","s":{"1":8,"2":131,"3":12,"4":87,"5":15,"6":11,"7":4,"8":2,"9":2,"10":2,"11":3,"12":2},"b":{"1":[131,0],"2":[2,1]},"f":{"1":8,"2":131,"3":12,"4":87,"5":15,"6":11,"7":4,"8":2},"fnMap":{"1":{"name":"initialize","line":26,"loc":{"start":{"line":26,"column":4},"end":{"line":26,"column":62}}},"2":{"name":"onlyUserManager","line":30,"loc":{"start":{"line":30,"column":4},"end":{"line":30,"column":28}}},"3":{"name":"registerBusinessOwner","line":39,"loc":{"start":{"line":39,"column":4},"end":{"line":39,"column":86}}},"4":{"name":"login","line":48,"loc":{"start":{"line":48,"column":4},"end":{"line":48,"column":77}}},"5":{"name":"getAllBusinessOwners","line":55,"loc":{"start":{"line":55,"column":4},"end":{"line":55,"column":87}}},"6":{"name":"isConfirmed","line":59,"loc":{"start":{"line":59,"column":4},"end":{"line":59,"column":88}}},"7":{"name":"confirmBusiness","line":63,"loc":{"start":{"line":63,"column":4},"end":{"line":63,"column":73}}},"8":{"name":"removeBusiness","line":67,"loc":{"start":{"line":67,"column":4},"end":{"line":67,"column":72}}}},"statementMap":{"1":{"start":{"line":27,"column":8},"end":{"line":27,"column":46}},"2":{"start":{"line":31,"column":8},"end":{"line":31,"column":70}},"3":{"start":{"line":40,"column":8},"end":{"line":40,"column":36}},"4":{"start":{"line":49,"column":8},"end":{"line":49,"column":36}},"5":{"start":{"line":56,"column":8},"end":{"line":56,"column":39}},"6":{"start":{"line":60,"column":8},"end":{"line":60,"column":50}},"7":{"start":{"line":64,"column":8},"end":{"line":64,"column":49}},"8":{"start":{"line":68,"column":8},"end":{"line":68,"column":50}},"9":{"start":{"line":69,"column":8},"end":{"line":69,"column":43}},"10":{"start":{"line":70,"column":8},"end":{"line":70,"column":2400}},"11":{"start":{"line":72,"column":12},"end":{"line":72,"column":2488}},"12":{"start":{"line":74,"column":16},"end":{"line":74,"column":106}}},"branchMap":{"1":{"line":31,"type":"if","locations":[{"start":{"line":31,"column":8},"end":{"line":31,"column":8}},{"start":{"line":31,"column":8},"end":{"line":31,"column":8}}]},"2":{"line":72,"type":"if","locations":[{"start":{"line":72,"column":12},"end":{"line":72,"column":12}},{"start":{"line":72,"column":12},"end":{"line":72,"column":12}}]}}},"contracts/Citizen.sol":{"l":{"27":8,"31":136,"32":136,"40":7,"41":7,"49":122,"56":7},"path":"/home/nicolabba/WebstormProjects/The-Walking-Bug/Soldino/contracts/Citizen.sol","s":{"1":8,"2":136,"3":7,"4":122,"5":7},"b":{"1":[136,0]},"f":{"1":8,"2":136,"3":7,"4":122,"5":7},"fnMap":{"1":{"name":"initialize","line":26,"loc":{"start":{"line":26,"column":4},"end":{"line":26,"column":62}}},"2":{"name":"onlyUserManager","line":30,"loc":{"start":{"line":30,"column":4},"end":{"line":30,"column":28}}},"3":{"name":"registerCitizen","line":39,"loc":{"start":{"line":39,"column":4},"end":{"line":39,"column":79}}},"4":{"name":"login","line":48,"loc":{"start":{"line":48,"column":4},"end":{"line":48,"column":76}}},"5":{"name":"getAllCitizens","line":55,"loc":{"start":{"line":55,"column":4},"end":{"line":55,"column":81}}}},"statementMap":{"1":{"start":{"line":27,"column":8},"end":{"line":27,"column":46}},"2":{"start":{"line":31,"column":8},"end":{"line":31,"column":70}},"3":{"start":{"line":40,"column":8},"end":{"line":40,"column":35}},"4":{"start":{"line":49,"column":8},"end":{"line":49,"column":35}},"5":{"start":{"line":56,"column":8},"end":{"line":56,"column":33}}},"branchMap":{"1":{"line":31,"type":"if","locations":[{"start":{"line":31,"column":8},"end":{"line":31,"column":8}},{"start":{"line":31,"column":8},"end":{"line":31,"column":8}}]}}},"contracts/Cubit.sol":{"l":{"19":8,"20":8,"21":8,"22":8,"23":8,"24":8},"path":"/home/nicolabba/WebstormProjects/The-Walking-Bug/Soldino/contracts/Cubit.sol","s":{"1":8,"2":8,"3":8,"4":8,"5":8},"b":{},"f":{"1":8},"fnMap":{"1":{"name":"initialize","line":18,"loc":{"start":{"line":18,"column":4},"end":{"line":18,"column":56}}}},"statementMap":{"1":{"start":{"line":19,"column":8},"end":{"line":19,"column":21}},"2":{"start":{"line":20,"column":8},"end":{"line":20,"column":21}},"3":{"start":{"line":21,"column":8},"end":{"line":21,"column":19}},"4":{"start":{"line":22,"column":8},"end":{"line":22,"column":25}},"5":{"start":{"line":24,"column":8},"end":{"line":24,"column":40}}},"branchMap":{}},"contracts/Government.sol":{"l":{"21":8,"22":8,"23":8,"30":11,"31":7,"39":50,"48":3,"50":1,"58":4,"59":4,"62":2,"72":3,"73":3,"74":11,"75":11,"76":7,"82":3},"path":"/home/nicolabba/WebstormProjects/The-Walking-Bug/Soldino/contracts/Government.sol","s":{"1":8,"2":8,"3":8,"4":11,"5":50,"6":3,"7":1,"8":4,"9":4,"10":2,"11":3,"12":11,"13":11,"14":3},"b":{"1":[7,4],"2":[1,2],"3":[2,2],"4":[7,4]},"f":{"1":8,"2":11,"3":50,"4":3,"5":4,"6":3,"7":3},"fnMap":{"1":{"name":"initialize","line":19,"loc":{"start":{"line":19,"column":4},"end":{"line":20,"column":24}}},"2":{"name":"onlyGovernment","line":29,"loc":{"start":{"line":29,"column":4},"end":{"line":29,"column":25}}},"3":{"name":"isGovernment","line":38,"loc":{"start":{"line":38,"column":4},"end":{"line":38,"column":64}}},"4":{"name":"distributeToUsers","line":47,"loc":{"start":{"line":47,"column":4},"end":{"line":47,"column":89}}},"5":{"name":"distributeToAll","line":57,"loc":{"start":{"line":57,"column":4},"end":{"line":57,"column":65}}},"6":{"name":"_distribute","line":70,"loc":{"start":{"line":70,"column":4},"end":{"line":70,"column":71}}},"7":{"name":"getGovernmentAddress","line":80,"loc":{"start":{"line":80,"column":4},"end":{"line":81,"column":5}}}},"statementMap":{"1":{"start":{"line":21,"column":8},"end":{"line":21,"column":46}},"2":{"start":{"line":22,"column":8},"end":{"line":22,"column":28}},"3":{"start":{"line":23,"column":8},"end":{"line":23,"column":45}},"4":{"start":{"line":30,"column":8},"end":{"line":30,"column":76}},"5":{"start":{"line":39,"column":8},"end":{"line":39,"column":41}},"6":{"start":{"line":48,"column":8},"end":{"line":48,"column":1597}},"7":{"start":{"line":50,"column":8},"end":{"line":50,"column":32}},"8":{"start":{"line":58,"column":8},"end":{"line":58,"column":67}},"9":{"start":{"line":59,"column":8},"end":{"line":59,"column":2085}},"10":{"start":{"line":62,"column":8},"end":{"line":62,"column":34}},"11":{"start":{"line":73,"column":8},"end":{"line":73,"column":2595}},"12":{"start":{"line":74,"column":12},"end":{"line":74,"column":60}},"13":{"start":{"line":75,"column":12},"end":{"line":75,"column":2774}},"14":{"start":{"line":82,"column":8},"end":{"line":82,"column":32}}},"branchMap":{"1":{"line":30,"type":"if","locations":[{"start":{"line":30,"column":8},"end":{"line":30,"column":8}},{"start":{"line":30,"column":8},"end":{"line":30,"column":8}}]},"2":{"line":48,"type":"if","locations":[{"start":{"line":48,"column":8},"end":{"line":48,"column":8}},{"start":{"line":48,"column":8},"end":{"line":48,"column":8}}]},"3":{"line":59,"type":"if","locations":[{"start":{"line":59,"column":8},"end":{"line":59,"column":8}},{"start":{"line":59,"column":8},"end":{"line":59,"column":8}}]},"4":{"line":75,"type":"if","locations":[{"start":{"line":75,"column":12},"end":{"line":75,"column":12}},{"start":{"line":75,"column":12},"end":{"line":75,"column":12}}]}}},"contracts/Product.sol":{"l":{"37":4,"38":4,"39":4,"40":4,"49":13,"50":15,"51":9,"60":8,"61":8,"71":8,"72":8,"73":4,"83":7,"84":7,"93":15,"94":13,"103":34,"117":7,"118":7,"119":7,"120":7,"121":7,"123":7,"124":7,"138":9,"139":5,"140":5,"142":5,"143":5,"145":3,"146":3,"150":3,"151":1,"163":1,"174":1,"175":1,"185":2,"194":47,"207":2,"208":2,"210":4,"211":2,"214":2,"215":2,"216":2,"218":4,"219":2,"223":2},"path":"/home/nicolabba/WebstormProjects/The-Walking-Bug/Soldino/contracts/Product.sol","s":{"1":4,"2":4,"3":4,"4":4,"5":13,"6":15,"7":8,"8":8,"9":8,"10":7,"11":15,"12":34,"13":7,"14":7,"15":7,"16":7,"17":7,"18":7,"19":9,"20":5,"21":5,"22":5,"23":5,"24":3,"25":3,"26":1,"27":1,"28":1,"29":2,"30":47,"31":2,"32":2,"33":4,"34":2,"35":2,"36":2,"37":4,"38":2,"39":2},"b":{"1":[11,4],"2":[8,0],"3":[4,4],"4":[7,0],"5":[13,2],"6":[5,4],"7":[5,0],"8":[3,2],"9":[1,0],"10":[2,2],"11":[2,2]},"f":{"1":4,"2":13,"3":8,"4":8,"5":7,"6":15,"7":34,"8":7,"9":9,"10":1,"11":1,"12":2,"13":47,"14":2},"fnMap":{"1":{"name":"initialize","line":35,"loc":{"start":{"line":35,"column":4},"end":{"line":36,"column":5}}},"2":{"name":"onlyValidProductIDs","line":47,"loc":{"start":{"line":47,"column":4},"end":{"line":48,"column":5}}},"3":{"name":"onlyValidProductID","line":58,"loc":{"start":{"line":58,"column":4},"end":{"line":59,"column":5}}},"4":{"name":"onlyProductOwner","line":69,"loc":{"start":{"line":69,"column":4},"end":{"line":70,"column":5}}},"5":{"name":"onlyBusinessOwner","line":81,"loc":{"start":{"line":81,"column":4},"end":{"line":82,"column":5}}},"6":{"name":"onlyRegisteredUser","line":91,"loc":{"start":{"line":91,"column":4},"end":{"line":92,"column":5}}},"7":{"name":"isValidProductID","line":101,"loc":{"start":{"line":101,"column":4},"end":{"line":102,"column":5}}},"8":{"name":"addProduct","line":113,"loc":{"start":{"line":113,"column":4},"end":{"line":115,"column":5}}},"9":{"name":"buyProductsFromOwner","line":134,"loc":{"start":{"line":134,"column":4},"end":{"line":136,"column":5}}},"10":{"name":"increaseProductAvailability","line":160,"loc":{"start":{"line":160,"column":4},"end":{"line":162,"column":5}}},"11":{"name":"decreaseProductAvailability","line":171,"loc":{"start":{"line":171,"column":4},"end":{"line":173,"column":5}}},"12":{"name":"deleteProduct","line":182,"loc":{"start":{"line":182,"column":4},"end":{"line":184,"column":5}}},"13":{"name":"getProductData","line":192,"loc":{"start":{"line":192,"column":4},"end":{"line":193,"column":5}}},"14":{"name":"getAllProducts","line":205,"loc":{"start":{"line":205,"column":4},"end":{"line":206,"column":5}}}},"statementMap":{"1":{"start":{"line":37,"column":8},"end":{"line":37,"column":46}},"2":{"start":{"line":38,"column":8},"end":{"line":38,"column":28}},"3":{"start":{"line":39,"column":8},"end":{"line":39,"column":67}},"4":{"start":{"line":40,"column":8},"end":{"line":40,"column":22}},"5":{"start":{"line":49,"column":8},"end":{"line":49,"column":1530}},"6":{"start":{"line":50,"column":12},"end":{"line":50,"column":72}},"7":{"start":{"line":60,"column":8},"end":{"line":60,"column":66}},"8":{"start":{"line":71,"column":8},"end":{"line":71,"column":51}},"9":{"start":{"line":72,"column":8},"end":{"line":72,"column":34}},"10":{"start":{"line":83,"column":8},"end":{"line":83,"column":83}},"11":{"start":{"line":93,"column":8},"end":{"line":93,"column":84}},"12":{"start":{"line":103,"column":8},"end":{"line":103,"column":97}},"13":{"start":{"line":117,"column":8},"end":{"line":117,"column":44}},"14":{"start":{"line":118,"column":8},"end":{"line":118,"column":46}},"15":{"start":{"line":119,"column":8},"end":{"line":119,"column":50}},"16":{"start":{"line":120,"column":8},"end":{"line":120,"column":60}},"17":{"start":{"line":121,"column":8},"end":{"line":121,"column":42}},"18":{"start":{"line":124,"column":8},"end":{"line":124,"column":36}},"19":{"start":{"line":138,"column":8},"end":{"line":138,"column":70}},"20":{"start":{"line":139,"column":8},"end":{"line":139,"column":31}},"21":{"start":{"line":140,"column":8},"end":{"line":140,"column":4628}},"22":{"start":{"line":142,"column":12},"end":{"line":142,"column":121}},"23":{"start":{"line":143,"column":12},"end":{"line":143,"column":112}},"24":{"start":{"line":145,"column":12},"end":{"line":145,"column":85}},"25":{"start":{"line":146,"column":12},"end":{"line":146,"column":63}},"26":{"start":{"line":163,"column":8},"end":{"line":163,"column":66}},"27":{"start":{"line":174,"column":8},"end":{"line":174,"column":75}},"28":{"start":{"line":175,"column":8},"end":{"line":175,"column":66}},"29":{"start":{"line":185,"column":8},"end":{"line":185,"column":45}},"30":{"start":{"line":194,"column":8},"end":{"line":194,"column":7083}},"31":{"start":{"line":207,"column":8},"end":{"line":207,"column":40}},"32":{"start":{"line":208,"column":8},"end":{"line":208,"column":7532}},"33":{"start":{"line":210,"column":12},"end":{"line":210,"column":7604}},"34":{"start":{"line":214,"column":8},"end":{"line":214,"column":78}},"35":{"start":{"line":215,"column":8},"end":{"line":215,"column":20}},"36":{"start":{"line":216,"column":8},"end":{"line":216,"column":7821}},"37":{"start":{"line":218,"column":12},"end":{"line":218,"column":7893}},"38":{"start":{"line":219,"column":16},"end":{"line":219,"column":47}},"39":{"start":{"line":223,"column":8},"end":{"line":223,"column":30}}},"branchMap":{"1":{"line":50,"type":"if","locations":[{"start":{"line":50,"column":12},"end":{"line":50,"column":12}},{"start":{"line":50,"column":12},"end":{"line":50,"column":12}}]},"2":{"line":60,"type":"if","locations":[{"start":{"line":60,"column":8},"end":{"line":60,"column":8}},{"start":{"line":60,"column":8},"end":{"line":60,"column":8}}]},"3":{"line":72,"type":"if","locations":[{"start":{"line":72,"column":8},"end":{"line":72,"column":8}},{"start":{"line":72,"column":8},"end":{"line":72,"column":8}}]},"4":{"line":83,"type":"if","locations":[{"start":{"line":83,"column":8},"end":{"line":83,"column":8}},{"start":{"line":83,"column":8},"end":{"line":83,"column":8}}]},"5":{"line":93,"type":"if","locations":[{"start":{"line":93,"column":8},"end":{"line":93,"column":8}},{"start":{"line":93,"column":8},"end":{"line":93,"column":8}}]},"6":{"line":138,"type":"if","locations":[{"start":{"line":138,"column":8},"end":{"line":138,"column":8}},{"start":{"line":138,"column":8},"end":{"line":138,"column":8}}]},"7":{"line":142,"type":"if","locations":[{"start":{"line":142,"column":12},"end":{"line":142,"column":12}},{"start":{"line":142,"column":12},"end":{"line":142,"column":12}}]},"8":{"line":143,"type":"if","locations":[{"start":{"line":143,"column":12},"end":{"line":143,"column":12}},{"start":{"line":143,"column":12},"end":{"line":143,"column":12}}]},"9":{"line":174,"type":"if","locations":[{"start":{"line":174,"column":8},"end":{"line":174,"column":8}},{"start":{"line":174,"column":8},"end":{"line":174,"column":8}}]},"10":{"line":210,"type":"if","locations":[{"start":{"line":210,"column":12},"end":{"line":210,"column":12}},{"start":{"line":210,"column":12},"end":{"line":210,"column":12}}]},"11":{"line":218,"type":"if","locations":[{"start":{"line":218,"column":12},"end":{"line":218,"column":12}},{"start":{"line":218,"column":12},"end":{"line":218,"column":12}}]}}},"contracts/ProductTransaction.sol":{"l":{"28":4,"29":4,"30":4,"37":10,"38":4,"45":49,"46":46,"59":4,"60":4,"61":4,"62":4,"63":4,"65":4,"66":4,"68":4,"78":12,"90":11,"91":11,"92":11,"93":11,"94":11,"96":11,"97":11,"99":11,"100":11,"102":11,"104":11,"114":12,"126":11,"127":11,"128":11,"129":11,"130":11,"132":10,"133":10,"135":11,"136":11,"138":10,"140":11,"145":1,"153":21,"154":21,"155":21,"156":21,"157":21,"158":21,"160":42,"161":42,"163":21,"165":21},"path":"/home/nicolabba/WebstormProjects/The-Walking-Bug/Soldino/contracts/ProductTransaction.sol","s":{"1":4,"2":4,"3":4,"4":10,"5":49,"6":4,"7":4,"8":4,"9":4,"10":4,"11":4,"12":12,"13":11,"14":11,"15":11,"16":11,"17":11,"18":11,"19":11,"20":11,"21":11,"22":11,"23":12,"24":11,"25":11,"26":11,"27":11,"28":11,"29":10,"30":11,"31":11,"32":10,"33":11,"34":1,"35":21,"36":21,"37":21,"38":21,"39":42,"40":42,"41":21,"42":21},"b":{"1":[4,6],"2":[46,3],"3":[4,0],"4":[11,0],"5":[10,1]},"f":{"1":4,"2":10,"3":49,"4":4,"5":12,"6":11,"7":12,"8":11,"9":1,"10":21},"fnMap":{"1":{"name":"initialize","line":27,"loc":{"start":{"line":27,"column":4},"end":{"line":27,"column":72}}},"2":{"name":"onlyProductContract","line":36,"loc":{"start":{"line":36,"column":4},"end":{"line":36,"column":32}}},"3":{"name":"onlyVATContract","line":44,"loc":{"start":{"line":44,"column":4},"end":{"line":44,"column":28}}},"4":{"name":"addTransaction","line":56,"loc":{"start":{"line":56,"column":4},"end":{"line":58,"column":5}}},"5":{"name":"getSellerTransaction","line":76,"loc":{"start":{"line":76,"column":4},"end":{"line":77,"column":5}}},"6":{"name":"getSellerTransaction","line":87,"loc":{"start":{"line":87,"column":4},"end":{"line":89,"column":5}}},"7":{"name":"getBuyerTransaction","line":111,"loc":{"start":{"line":111,"column":4},"end":{"line":112,"column":5}}},"8":{"name":"getBuyerTransaction","line":123,"loc":{"start":{"line":123,"column":4},"end":{"line":125,"column":5}}},"9":{"name":"getTransactionData","line":143,"loc":{"start":{"line":143,"column":4},"end":{"line":144,"column":5}}},"10":{"name":"getTransactionVATTotal","line":151,"loc":{"start":{"line":151,"column":4},"end":{"line":152,"column":5}}}},"statementMap":{"1":{"start":{"line":28,"column":8},"end":{"line":28,"column":34}},"2":{"start":{"line":29,"column":8},"end":{"line":29,"column":22}},"3":{"start":{"line":30,"column":8},"end":{"line":30,"column":26}},"4":{"start":{"line":37,"column":8},"end":{"line":37,"column":61}},"5":{"start":{"line":45,"column":8},"end":{"line":45,"column":53}},"6":{"start":{"line":59,"column":8},"end":{"line":59,"column":76}},"7":{"start":{"line":60,"column":8},"end":{"line":60,"column":62}},"8":{"start":{"line":61,"column":8},"end":{"line":61,"column":69}},"9":{"start":{"line":62,"column":8},"end":{"line":62,"column":50}},"10":{"start":{"line":63,"column":8},"end":{"line":63,"column":54}},"11":{"start":{"line":68,"column":8},"end":{"line":68,"column":44}},"12":{"start":{"line":78,"column":8},"end":{"line":78,"column":42}},"13":{"start":{"line":90,"column":8},"end":{"line":90,"column":71}},"14":{"start":{"line":91,"column":8},"end":{"line":91,"column":85}},"15":{"start":{"line":92,"column":8},"end":{"line":92,"column":27}},"16":{"start":{"line":93,"column":8},"end":{"line":93,"column":3257}},"17":{"start":{"line":94,"column":12},"end":{"line":94,"column":3322}},"18":{"start":{"line":96,"column":16},"end":{"line":96,"column":67}},"19":{"start":{"line":99,"column":8},"end":{"line":99,"column":68}},"20":{"start":{"line":100,"column":8},"end":{"line":100,"column":3637}},"21":{"start":{"line":102,"column":12},"end":{"line":102,"column":59}},"22":{"start":{"line":104,"column":8},"end":{"line":104,"column":36}},"23":{"start":{"line":114,"column":8},"end":{"line":114,"column":40}},"24":{"start":{"line":126,"column":8},"end":{"line":126,"column":69}},"25":{"start":{"line":127,"column":8},"end":{"line":127,"column":85}},"26":{"start":{"line":128,"column":8},"end":{"line":128,"column":27}},"27":{"start":{"line":129,"column":8},"end":{"line":129,"column":4758}},"28":{"start":{"line":130,"column":12},"end":{"line":130,"column":4823}},"29":{"start":{"line":132,"column":16},"end":{"line":132,"column":67}},"30":{"start":{"line":135,"column":8},"end":{"line":135,"column":68}},"31":{"start":{"line":136,"column":8},"end":{"line":136,"column":5138}},"32":{"start":{"line":138,"column":12},"end":{"line":138,"column":59}},"33":{"start":{"line":140,"column":8},"end":{"line":140,"column":36}},"34":{"start":{"line":145,"column":8},"end":{"line":145,"column":5490}},"35":{"start":{"line":153,"column":8},"end":{"line":153,"column":75}},"36":{"start":{"line":154,"column":8},"end":{"line":154,"column":84}},"37":{"start":{"line":155,"column":8},"end":{"line":155,"column":28}},"38":{"start":{"line":158,"column":8},"end":{"line":158,"column":6042}},"39":{"start":{"line":160,"column":12},"end":{"line":160,"column":96}},"40":{"start":{"line":161,"column":12},"end":{"line":161,"column":79}},"41":{"start":{"line":163,"column":8},"end":{"line":163,"column":34}},"42":{"start":{"line":165,"column":8},"end":{"line":165,"column":24}}},"branchMap":{"1":{"line":37,"type":"if","locations":[{"start":{"line":37,"column":8},"end":{"line":37,"column":8}},{"start":{"line":37,"column":8},"end":{"line":37,"column":8}}]},"2":{"line":45,"type":"if","locations":[{"start":{"line":45,"column":8},"end":{"line":45,"column":8}},{"start":{"line":45,"column":8},"end":{"line":45,"column":8}}]},"3":{"line":59,"type":"if","locations":[{"start":{"line":59,"column":8},"end":{"line":59,"column":8}},{"start":{"line":59,"column":8},"end":{"line":59,"column":8}}]},"4":{"line":94,"type":"if","locations":[{"start":{"line":94,"column":12},"end":{"line":94,"column":12}},{"start":{"line":94,"column":12},"end":{"line":94,"column":12}}]},"5":{"line":130,"type":"if","locations":[{"start":{"line":130,"column":12},"end":{"line":130,"column":12}},{"start":{"line":130,"column":12},"end":{"line":130,"column":12}}]}}},"contracts/UserManager.sol":{"l":{"25":8,"26":8,"27":8,"31":8,"32":8,"33":4,"37":24,"38":24,"39":20,"46":4,"54":118,"55":118,"56":36,"57":82,"58":82,"59":34,"60":48,"61":22,"62":26,"66":5,"67":5,"68":2,"69":3,"70":2,"71":1,"75":20,"76":16,"77":6,"79":10,"84":6,"88":14,"92":5,"93":5,"94":5,"95":5,"96":5,"97":8,"98":8,"100":5,"101":9,"102":9,"104":5,"108":8,"112":3,"116":1},"path":"/home/nicolabba/WebstormProjects/The-Walking-Bug/Soldino/contracts/UserManager.sol","s":{"1":8,"2":8,"3":8,"4":8,"5":8,"6":24,"7":24,"8":4,"9":118,"10":118,"11":36,"12":82,"13":82,"14":34,"15":48,"16":22,"17":26,"18":5,"19":5,"20":2,"21":3,"22":2,"23":1,"24":20,"25":16,"26":6,"27":14,"28":5,"29":5,"30":5,"31":5,"32":5,"33":8,"34":5,"35":9,"36":5,"37":8},"b":{"1":[4,4],"2":[20,4],"3":[36,82],"4":[34,48],"5":[22,26],"6":[2,3],"7":[2,1],"8":[16,4],"9":[6,10]},"f":{"1":8,"2":8,"3":24,"4":4,"5":118,"6":5,"7":20,"8":6,"9":14,"10":5,"11":8,"12":3,"13":1},"fnMap":{"1":{"name":"initialize","line":24,"loc":{"start":{"line":24,"column":4},"end":{"line":24,"column":103}}},"2":{"name":"onlyGovernment","line":30,"loc":{"start":{"line":30,"column":4},"end":{"line":30,"column":25}}},"3":{"name":"onlyNotRegistered","line":36,"loc":{"start":{"line":36,"column":4},"end":{"line":36,"column":28}}},"4":{"name":"login","line":45,"loc":{"start":{"line":45,"column":4},"end":{"line":45,"column":47}}},"5":{"name":"isRegistered","line":53,"loc":{"start":{"line":53,"column":4},"end":{"line":53,"column":67}}},"6":{"name":"getUserHash","line":65,"loc":{"start":{"line":65,"column":4},"end":{"line":65,"column":65}}},"7":{"name":"registerUser","line":74,"loc":{"start":{"line":74,"column":4},"end":{"line":74,"column":79}}},"8":{"name":"getAllCitizens","line":83,"loc":{"start":{"line":83,"column":4},"end":{"line":83,"column":64}}},"9":{"name":"getAllBusinessOwners","line":87,"loc":{"start":{"line":87,"column":4},"end":{"line":87,"column":70}}},"10":{"name":"getAllRegisteredUsers","line":91,"loc":{"start":{"line":91,"column":4},"end":{"line":91,"column":71}}},"11":{"name":"isBusinessOwnerConfirmed","line":107,"loc":{"start":{"line":107,"column":4},"end":{"line":107,"column":85}}},"12":{"name":"confirmBusinessOwner","line":111,"loc":{"start":{"line":111,"column":4},"end":{"line":111,"column":77}}},"13":{"name":"removeBusinessOwner","line":115,"loc":{"start":{"line":115,"column":4},"end":{"line":115,"column":76}}}},"statementMap":{"1":{"start":{"line":25,"column":8},"end":{"line":25,"column":34}},"2":{"start":{"line":26,"column":8},"end":{"line":26,"column":52}},"3":{"start":{"line":27,"column":8},"end":{"line":27,"column":43}},"4":{"start":{"line":31,"column":8},"end":{"line":31,"column":48}},"5":{"start":{"line":32,"column":8},"end":{"line":32,"column":44}},"6":{"start":{"line":37,"column":8},"end":{"line":37,"column":48}},"7":{"start":{"line":38,"column":8},"end":{"line":38,"column":47}},"8":{"start":{"line":46,"column":8},"end":{"line":46,"column":39}},"9":{"start":{"line":54,"column":8},"end":{"line":54,"column":42}},"10":{"start":{"line":55,"column":8},"end":{"line":55,"column":1818}},"11":{"start":{"line":56,"column":12},"end":{"line":56,"column":35}},"12":{"start":{"line":57,"column":8},"end":{"line":57,"column":40}},"13":{"start":{"line":58,"column":8},"end":{"line":58,"column":1928}},"14":{"start":{"line":59,"column":12},"end":{"line":59,"column":41}},"15":{"start":{"line":60,"column":8},"end":{"line":60,"column":1992}},"16":{"start":{"line":61,"column":12},"end":{"line":61,"column":38}},"17":{"start":{"line":62,"column":8},"end":{"line":62,"column":37}},"18":{"start":{"line":66,"column":8},"end":{"line":66,"column":43}},"19":{"start":{"line":67,"column":8},"end":{"line":67,"column":2238}},"20":{"start":{"line":68,"column":12},"end":{"line":68,"column":39}},"21":{"start":{"line":69,"column":8},"end":{"line":69,"column":2323}},"22":{"start":{"line":70,"column":12},"end":{"line":70,"column":45}},"23":{"start":{"line":71,"column":8},"end":{"line":71,"column":18}},"24":{"start":{"line":75,"column":8},"end":{"line":75,"column":76}},"25":{"start":{"line":76,"column":8},"end":{"line":76,"column":2567}},"26":{"start":{"line":84,"column":8},"end":{"line":84,"column":39}},"27":{"start":{"line":88,"column":8},"end":{"line":88,"column":51}},"28":{"start":{"line":92,"column":8},"end":{"line":92,"column":54}},"29":{"start":{"line":93,"column":8},"end":{"line":93,"column":66}},"30":{"start":{"line":94,"column":8},"end":{"line":94,"column":102}},"31":{"start":{"line":95,"column":8},"end":{"line":95,"column":24}},"32":{"start":{"line":96,"column":8},"end":{"line":96,"column":3351}},"33":{"start":{"line":97,"column":12},"end":{"line":97,"column":50}},"34":{"start":{"line":100,"column":8},"end":{"line":100,"column":3495}},"35":{"start":{"line":101,"column":12},"end":{"line":101,"column":56}},"36":{"start":{"line":104,"column":8},"end":{"line":104,"column":30}},"37":{"start":{"line":108,"column":8},"end":{"line":108,"column":56}}},"branchMap":{"1":{"line":32,"type":"if","locations":[{"start":{"line":32,"column":8},"end":{"line":32,"column":8}},{"start":{"line":32,"column":8},"end":{"line":32,"column":8}}]},"2":{"line":38,"type":"if","locations":[{"start":{"line":38,"column":8},"end":{"line":38,"column":8}},{"start":{"line":38,"column":8},"end":{"line":38,"column":8}}]},"3":{"line":55,"type":"if","locations":[{"start":{"line":55,"column":8},"end":{"line":55,"column":8}},{"start":{"line":55,"column":8},"end":{"line":55,"column":8}}]},"4":{"line":58,"type":"if","locations":[{"start":{"line":58,"column":8},"end":{"line":58,"column":8}},{"start":{"line":58,"column":8},"end":{"line":58,"column":8}}]},"5":{"line":60,"type":"if","locations":[{"start":{"line":60,"column":8},"end":{"line":60,"column":8}},{"start":{"line":60,"column":8},"end":{"line":60,"column":8}}]},"6":{"line":67,"type":"if","locations":[{"start":{"line":67,"column":8},"end":{"line":67,"column":8}},{"start":{"line":67,"column":8},"end":{"line":67,"column":8}}]},"7":{"line":69,"type":"if","locations":[{"start":{"line":69,"column":8},"end":{"line":69,"column":8}},{"start":{"line":69,"column":8},"end":{"line":69,"column":8}}]},"8":{"line":75,"type":"if","locations":[{"start":{"line":75,"column":8},"end":{"line":75,"column":8}},{"start":{"line":75,"column":8},"end":{"line":75,"column":8}}]},"9":{"line":76,"type":"if","locations":[{"start":{"line":76,"column":8},"end":{"line":76,"column":8}},{"start":{"line":76,"column":8},"end":{"line":76,"column":8}}]}}},"contracts/VAT.sol":{"l":{"24":3,"25":3,"26":3,"27":3,"28":3,"32":8,"33":6,"37":5,"38":3,"43":8,"44":8,"46":8,"47":8,"49":8,"51":4,"54":4,"60":10,"62":10,"63":10,"65":10,"68":10,"73":10,"75":10,"76":10,"78":10,"81":10,"86":3,"87":3,"88":3,"89":3,"90":1,"91":1,"96":3,"97":3,"98":3,"99":3,"100":1,"101":1},"path":"/home/nicolabba/WebstormProjects/The-Walking-Bug/Soldino/contracts/VAT.sol","s":{"1":3,"2":3,"3":3,"4":3,"5":3,"6":8,"7":5,"8":8,"9":8,"10":8,"11":8,"12":8,"13":4,"14":4,"15":10,"16":10,"17":10,"18":10,"19":10,"20":10,"21":10,"22":10,"23":10,"24":10,"25":3,"26":3,"27":3,"28":3,"29":3,"30":3,"31":3,"32":3},"b":{"1":[6,2],"2":[3,2],"3":[4,4],"4":[1,2],"5":[1,2]},"f":{"1":3,"2":8,"3":5,"4":8,"5":10,"6":10,"7":3,"8":3},"fnMap":{"1":{"name":"initialize","line":21,"loc":{"start":{"line":21,"column":4},"end":{"line":23,"column":5}}},"2":{"name":"onlyBusinessOwner","line":31,"loc":{"start":{"line":31,"column":4},"end":{"line":31,"column":51}}},"3":{"name":"onlyGovernment","line":36,"loc":{"start":{"line":36,"column":4},"end":{"line":36,"column":26}}},"4":{"name":"getQuarterVATBalance","line":41,"loc":{"start":{"line":41,"column":4},"end":{"line":42,"column":5}}},"5":{"name":"_getVATToPay","line":58,"loc":{"start":{"line":58,"column":4},"end":{"line":59,"column":5}}},"6":{"name":"_getVATToCollect","line":71,"loc":{"start":{"line":71,"column":4},"end":{"line":72,"column":5}}},"7":{"name":"payVATToGovernment","line":84,"loc":{"start":{"line":84,"column":4},"end":{"line":85,"column":5}}},"8":{"name":"payVATToBusinessOwner","line":94,"loc":{"start":{"line":94,"column":4},"end":{"line":95,"column":5}}}},"statementMap":{"1":{"start":{"line":24,"column":8},"end":{"line":24,"column":28}},"2":{"start":{"line":25,"column":8},"end":{"line":25,"column":46}},"3":{"start":{"line":26,"column":8},"end":{"line":26,"column":55}},"4":{"start":{"line":27,"column":8},"end":{"line":27,"column":67}},"5":{"start":{"line":28,"column":8},"end":{"line":28,"column":43}},"6":{"start":{"line":32,"column":8},"end":{"line":32,"column":67}},"7":{"start":{"line":37,"column":8},"end":{"line":37,"column":63}},"8":{"start":{"line":43,"column":8},"end":{"line":43,"column":81}},"9":{"start":{"line":44,"column":8},"end":{"line":44,"column":73}},"10":{"start":{"line":46,"column":8},"end":{"line":46,"column":69}},"11":{"start":{"line":47,"column":8},"end":{"line":47,"column":77}},"12":{"start":{"line":49,"column":8},"end":{"line":49,"column":1662}},"13":{"start":{"line":51,"column":12},"end":{"line":51,"column":41}},"14":{"start":{"line":54,"column":12},"end":{"line":54,"column":44}},"15":{"start":{"line":60,"column":8},"end":{"line":60,"column":115}},"16":{"start":{"line":62,"column":8},"end":{"line":62,"column":25}},"17":{"start":{"line":63,"column":8},"end":{"line":63,"column":2100}},"18":{"start":{"line":65,"column":12},"end":{"line":65,"column":79}},"19":{"start":{"line":68,"column":8},"end":{"line":68,"column":21}},"20":{"start":{"line":73,"column":8},"end":{"line":73,"column":114}},"21":{"start":{"line":75,"column":8},"end":{"line":75,"column":25}},"22":{"start":{"line":76,"column":8},"end":{"line":76,"column":2561}},"23":{"start":{"line":78,"column":12},"end":{"line":78,"column":79}},"24":{"start":{"line":81,"column":8},"end":{"line":81,"column":21}},"25":{"start":{"line":86,"column":8},"end":{"line":86,"column":53}},"26":{"start":{"line":87,"column":8},"end":{"line":87,"column":57}},"27":{"start":{"line":88,"column":8},"end":{"line":88,"column":70}},"28":{"start":{"line":89,"column":8},"end":{"line":89,"column":54}},"29":{"start":{"line":96,"column":8},"end":{"line":96,"column":53}},"30":{"start":{"line":97,"column":8},"end":{"line":97,"column":57}},"31":{"start":{"line":98,"column":8},"end":{"line":98,"column":74}},"32":{"start":{"line":99,"column":8},"end":{"line":99,"column":55}}},"branchMap":{"1":{"line":32,"type":"if","locations":[{"start":{"line":32,"column":8},"end":{"line":32,"column":8}},{"start":{"line":32,"column":8},"end":{"line":32,"column":8}}]},"2":{"line":37,"type":"if","locations":[{"start":{"line":37,"column":8},"end":{"line":37,"column":8}},{"start":{"line":37,"column":8},"end":{"line":37,"column":8}}]},"3":{"line":49,"type":"if","locations":[{"start":{"line":49,"column":8},"end":{"line":49,"column":8}},{"start":{"line":49,"column":8},"end":{"line":49,"column":8}}]},"4":{"line":89,"type":"if","locations":[{"start":{"line":89,"column":8},"end":{"line":89,"column":8}},{"start":{"line":89,"column":8},"end":{"line":89,"column":8}}]},"5":{"line":99,"type":"if","locations":[{"start":{"line":99,"column":8},"end":{"line":99,"column":8}},{"start":{"line":99,"column":8},"end":{"line":99,"column":8}}]}}},"contracts/VATTransaction.sol":{"l":{"31":3,"32":3,"33":3,"40":10,"41":10,"51":10,"52":10,"53":10,"54":10,"56":10,"58":4,"59":2,"63":4,"64":2,"67":4,"73":4,"74":4,"75":4,"76":4,"77":4,"78":4,"80":92,"81":4,"82":92,"84":356,"86":356,"87":2,"88":2,"92":92,"95":4,"96":4,"98":2,"100":4,"105":4,"106":4,"107":4,"108":4,"109":4,"110":4,"112":72,"113":4,"114":72,"116":276,"118":276,"119":2,"120":2,"124":72,"127":4,"128":4,"130":2,"132":4,"137":1},"path":"/home/nicolabba/WebstormProjects/The-Walking-Bug/Soldino/contracts/VATTransaction.sol","s":{"1":3,"2":3,"3":3,"4":10,"5":10,"6":10,"7":10,"8":10,"9":10,"10":4,"11":2,"12":6,"13":4,"14":2,"15":2,"16":4,"17":4,"18":4,"19":4,"20":4,"21":4,"22":92,"23":4,"24":92,"25":356,"26":356,"27":2,"28":92,"29":4,"30":4,"31":2,"32":4,"33":4,"34":4,"35":4,"36":4,"37":4,"38":4,"39":72,"40":4,"41":72,"42":276,"43":276,"44":2,"45":72,"46":4,"47":4,"48":2,"49":4,"50":1},"b":{"1":[10,0],"2":[4,6],"3":[2,2],"4":[4,2],"5":[2,2],"6":[4,88],"7":[2,354],"8":[4,68],"9":[2,274]},"f":{"1":3,"2":10,"3":10,"4":4,"5":4,"6":1},"fnMap":{"1":{"name":"initialize","line":30,"loc":{"start":{"line":30,"column":4},"end":{"line":30,"column":76}}},"2":{"name":"onlyVATContract","line":39,"loc":{"start":{"line":39,"column":4},"end":{"line":39,"column":28}}},"3":{"name":"addTransaction","line":50,"loc":{"start":{"line":50,"column":4},"end":{"line":50,"column":105}}},"4":{"name":"getVATDeductions","line":71,"loc":{"start":{"line":71,"column":4},"end":{"line":72,"column":5}}},"5":{"name":"getVATCompensations","line":103,"loc":{"start":{"line":103,"column":4},"end":{"line":104,"column":5}}},"6":{"name":"getVATTransactionData","line":136,"loc":{"start":{"line":136,"column":4},"end":{"line":136,"column":111}}}},"statementMap":{"1":{"start":{"line":31,"column":8},"end":{"line":31,"column":46}},"2":{"start":{"line":32,"column":8},"end":{"line":32,"column":22}},"3":{"start":{"line":33,"column":8},"end":{"line":33,"column":26}},"4":{"start":{"line":40,"column":8},"end":{"line":40,"column":42}},"5":{"start":{"line":51,"column":8},"end":{"line":51,"column":50}},"6":{"start":{"line":52,"column":8},"end":{"line":52,"column":56}},"7":{"start":{"line":53,"column":8},"end":{"line":53,"column":62}},"8":{"start":{"line":54,"column":8},"end":{"line":54,"column":62}},"9":{"start":{"line":56,"column":8},"end":{"line":56,"column":1989}},"10":{"start":{"line":58,"column":12},"end":{"line":58,"column":106}},"11":{"start":{"line":59,"column":12},"end":{"line":59,"column":2117}},"12":{"start":{"line":61,"column":14},"end":{"line":61,"column":2319}},"13":{"start":{"line":63,"column":12},"end":{"line":63,"column":106}},"14":{"start":{"line":64,"column":12},"end":{"line":64,"column":2448}},"15":{"start":{"line":66,"column":16},"end":{"line":66,"column":82}},"16":{"start":{"line":73,"column":8},"end":{"line":73,"column":33}},"17":{"start":{"line":74,"column":8},"end":{"line":74,"column":20}},"18":{"start":{"line":75,"column":8},"end":{"line":75,"column":78}},"19":{"start":{"line":76,"column":8},"end":{"line":76,"column":78}},"20":{"start":{"line":77,"column":8},"end":{"line":77,"column":43}},"21":{"start":{"line":78,"column":8},"end":{"line":78,"column":3102}},"22":{"start":{"line":80,"column":12},"end":{"line":80,"column":3194}},"23":{"start":{"line":81,"column":16},"end":{"line":81,"column":31}},"24":{"start":{"line":82,"column":12},"end":{"line":82,"column":3237}},"25":{"start":{"line":84,"column":16},"end":{"line":84,"column":3307}},"26":{"start":{"line":86,"column":20},"end":{"line":86,"column":3403}},"27":{"start":{"line":87,"column":24},"end":{"line":87,"column":114}},"28":{"start":{"line":92,"column":12},"end":{"line":92,"column":20}},"29":{"start":{"line":95,"column":8},"end":{"line":95,"column":84}},"30":{"start":{"line":96,"column":8},"end":{"line":96,"column":3799}},"31":{"start":{"line":98,"column":12},"end":{"line":98,"column":59}},"32":{"start":{"line":100,"column":8},"end":{"line":100,"column":33}},"33":{"start":{"line":105,"column":8},"end":{"line":105,"column":33}},"34":{"start":{"line":106,"column":8},"end":{"line":106,"column":20}},"35":{"start":{"line":107,"column":8},"end":{"line":107,"column":78}},"36":{"start":{"line":108,"column":8},"end":{"line":108,"column":78}},"37":{"start":{"line":109,"column":8},"end":{"line":109,"column":43}},"38":{"start":{"line":110,"column":8},"end":{"line":110,"column":4403}},"39":{"start":{"line":112,"column":12},"end":{"line":112,"column":4495}},"40":{"start":{"line":113,"column":16},"end":{"line":113,"column":31}},"41":{"start":{"line":114,"column":12},"end":{"line":114,"column":4538}},"42":{"start":{"line":116,"column":16},"end":{"line":116,"column":4608}},"43":{"start":{"line":118,"column":20},"end":{"line":118,"column":4704}},"44":{"start":{"line":119,"column":24},"end":{"line":119,"column":117}},"45":{"start":{"line":124,"column":12},"end":{"line":124,"column":20}},"46":{"start":{"line":127,"column":8},"end":{"line":127,"column":84}},"47":{"start":{"line":128,"column":8},"end":{"line":128,"column":5105}},"48":{"start":{"line":130,"column":12},"end":{"line":130,"column":59}},"49":{"start":{"line":132,"column":8},"end":{"line":132,"column":33}},"50":{"start":{"line":137,"column":8},"end":{"line":137,"column":5458}}},"branchMap":{"1":{"line":40,"type":"if","locations":[{"start":{"line":40,"column":8},"end":{"line":40,"column":8}},{"start":{"line":40,"column":8},"end":{"line":40,"column":8}}]},"2":{"line":56,"type":"if","locations":[{"start":{"line":56,"column":8},"end":{"line":56,"column":8}},{"start":{"line":56,"column":8},"end":{"line":56,"column":8}}]},"3":{"line":58,"type":"if","locations":[{"start":{"line":58,"column":12},"end":{"line":58,"column":12}},{"start":{"line":58,"column":12},"end":{"line":58,"column":12}}]},"4":{"line":61,"type":"if","locations":[{"start":{"line":61,"column":14},"end":{"line":61,"column":14}},{"start":{"line":61,"column":14},"end":{"line":61,"column":14}}]},"5":{"line":63,"type":"if","locations":[{"start":{"line":63,"column":12},"end":{"line":63,"column":12}},{"start":{"line":63,"column":12},"end":{"line":63,"column":12}}]},"6":{"line":80,"type":"if","locations":[{"start":{"line":80,"column":12},"end":{"line":80,"column":12}},{"start":{"line":80,"column":12},"end":{"line":80,"column":12}}]},"7":{"line":86,"type":"if","locations":[{"start":{"line":86,"column":20},"end":{"line":86,"column":20}},{"start":{"line":86,"column":20},"end":{"line":86,"column":20}}]},"8":{"line":112,"type":"if","locations":[{"start":{"line":112,"column":12},"end":{"line":112,"column":12}},{"start":{"line":112,"column":12},"end":{"line":112,"column":12}}]},"9":{"line":118,"type":"if","locations":[{"start":{"line":118,"column":20},"end":{"line":118,"column":20}},{"start":{"line":118,"column":20},"end":{"line":118,"column":20}}]}}}}